<?xml version="1.0" encoding="UTF-8"?>
<testng-results ignored="0" total="1" passed="0" failed="1" skipped="0">
  <reporter-output>
  </reporter-output>
  <suite started-at="2023-03-21T14:57:18 IST" name="Default suite" finished-at="2023-03-21T15:03:08 IST" duration-ms="349537">
    <groups>
      <group name="cucumber">
        <method signature="AbstractTestNGCucumberTests.runScenario(io.cucumber.testng.PickleWrapper,io.cucumber.testng.FeatureWrapper)[pri:0, instance:runner.pradeshRunner@3cd3e762]" name="runScenario" class="io.cucumber.testng.AbstractTestNGCucumberTests"/>
      </group> <!-- cucumber -->
    </groups>
    <test started-at="2023-03-21T14:57:18 IST" name="Default test" finished-at="2023-03-21T15:03:08 IST" duration-ms="349537">
      <class name="runner.pradeshRunner">
        <test-method is-config="true" signature="setUpClass(org.testng.ITestContext)[pri:0, instance:runner.pradeshRunner@3cd3e762]" started-at="2023-03-21T14:57:18 IST" name="setUpClass" finished-at="2023-03-21T14:57:18 IST" duration-ms="402" status="PASS">
          <params>
            <param index="0">
              <value>
                <![CDATA[org.testng.TestRunner@713e7d9a]]>
              </value>
            </param>
          </params>
          <reporter-output>
          </reporter-output>
        </test-method> <!-- setUpClass -->
        <test-method signature="runScenario(io.cucumber.testng.PickleWrapper,io.cucumber.testng.FeatureWrapper)[pri:0, instance:runner.pradeshRunner@3cd3e762]" started-at="2023-03-21T14:57:19 IST" name="runScenario" description="Runs Cucumber Scenarios" data-provider="scenarios" finished-at="2023-03-21T15:03:05 IST" duration-ms="346995" status="FAIL">
          <params>
            <param index="0">
              <value>
                <![CDATA["Testing pradesh add data and edit entry functionality"]]>
              </value>
            </param>
            <param index="1">
              <value>
                <![CDATA["Testing data entry for pradesh level"]]>
              </value>
            </param>
          </params>
          <exception class="java.lang.AssertionError">
            <message>
              <![CDATA[expected [OBC] but found []]]>
            </message>
            <full-stacktrace>
              <![CDATA[java.lang.AssertionError: expected [OBC] but found []
at org.testng.Assert.fail(Assert.java:110)
at org.testng.Assert.failNotEquals(Assert.java:1577)
at org.testng.Assert.assertEqualsImpl(Assert.java:149)
at org.testng.Assert.assertEquals(Assert.java:131)
at org.testng.Assert.assertEquals(Assert.java:655)
at org.testng.Assert.assertEquals(Assert.java:665)
at stepdefinations.wardKaryakarta.user_verify_all_the_added_data(wardKaryakarta.java:895)
at âœ½.user verify all the added data(file:///C:/Users/meena/Selenium-Automation/BDD/src/test/resources/features/pradesh/pradesh.feature:66)
]]>
            </full-stacktrace>
          </exception> <!-- java.lang.AssertionError -->
          <reporter-output>
          </reporter-output>
        </test-method> <!-- runScenario -->
        <test-method is-config="true" signature="tearDownClass()[pri:0, instance:runner.pradeshRunner@3cd3e762]" started-at="2023-03-21T15:03:06 IST" name="tearDownClass" finished-at="2023-03-21T15:03:08 IST" duration-ms="2104" status="PASS">
          <reporter-output>
          </reporter-output>
        </test-method> <!-- tearDownClass -->
      </class> <!-- runner.pradeshRunner -->
    </test> <!-- Default test -->
  </suite> <!-- Default suite -->
</testng-results>
